<?xml version="1.0" encoding="UTF-8"?>
<testng-results skipped="0" failed="0" total="1" passed="1">
  <reporter-output>
  </reporter-output>
  <suite name="Default suite" duration-ms="32337" started-at="2020-05-30T19:03:23Z" finished-at="2020-05-30T19:03:55Z">
    <groups>
    </groups>
    <test name="Default test" duration-ms="32337" started-at="2020-05-30T19:03:23Z" finished-at="2020-05-30T19:03:55Z">
      <class name="com.qam.tests.LoginmTest$TestLoginPage">
        <test-method status="PASS" signature="launchBrowser()[pri:0, instance:com.qam.tests.LoginmTest$TestLoginPage@5e025e70]" name="launchBrowser" is-config="true" duration-ms="15" started-at="2020-05-31T00:33:23Z" finished-at="2020-05-31T00:33:23Z">
          <reporter-output>
          </reporter-output>
        </test-method> <!-- launchBrowser -->
        <test-method status="PASS" signature="intialize()[pri:0, instance:com.qam.tests.LoginmTest$TestLoginPage@5e025e70]" name="intialize" is-config="true" duration-ms="7568" started-at="2020-05-31T00:33:23Z" finished-at="2020-05-31T00:33:30Z">
          <reporter-output>
          </reporter-output>
        </test-method> <!-- intialize -->
        <test-method status="PASS" signature="loginsf()[pri:0, instance:com.qam.tests.LoginmTest$TestLoginPage@5e025e70]" name="loginsf" duration-ms="24170" started-at="2020-05-31T00:33:30Z" finished-at="2020-05-31T00:33:55Z">
          <reporter-output>
          </reporter-output>
        </test-method> <!-- loginsf -->
        <test-method status="PASS" signature="afterClass()[pri:0, instance:com.qam.tests.LoginmTest$TestLoginPage@5e025e70]" name="afterClass" is-config="true" duration-ms="562" started-at="2020-05-31T00:33:55Z" finished-at="2020-05-31T00:33:55Z">
          <reporter-output>
          </reporter-output>
        </test-method> <!-- afterClass -->
        <test-method status="PASS" signature="closeBrowser()[pri:0, instance:com.qam.tests.LoginmTest$TestLoginPage@5e025e70]" name="closeBrowser" is-config="true" duration-ms="0" started-at="2020-05-31T00:33:55Z" finished-at="2020-05-31T00:33:55Z">
          <reporter-output>
          </reporter-output>
        </test-method> <!-- closeBrowser -->
      </class> <!-- com.qam.tests.LoginmTest$TestLoginPage -->
    </test> <!-- Default test -->
  </suite> <!-- Default suite -->
</testng-results>
